<?xml version="1.0" encoding="UTF-8"?>
<testsuite xmlns:xsi="http://www.w3.org/2001/XMLSchema-instance" xsi:noNamespaceSchemaLocation="https://maven.apache.org/surefire/maven-surefire-plugin/xsd/surefire-test-report-3.0.xsd" version="3.0" name="project.AppTest" time="0.192" tests="7" errors="0" skipped="0" failures="0">
  <properties>
[...]
</properties>
  <testcase name="shouldAnswerWithFalse" classname="project.AppTest" time="0.084"/>
  <testcase name="shouldAnswerWithTRUEtest" classname="project.AppTest" time="0.008"/>
  <testcase name="test1" classname="project.AppTest" time="0.007"/>
  <testcase name="test2" classname="project.AppTest" time="0.038"/>
  <testcase name="test3" classname="project.AppTest" time="0.008"/>
  <testcase name="test4" classname="project.AppTest" time="0"/>
  <testcase name="test5" classname="project.AppTest" time="0"/>
</testsuite>